<?xml version="1.0" encoding="UTF-8"?>
<!-- Generated by org.testng.reporters.JUnitXMLReporter -->
<testsuite ignored="0" hostname="DELL3400" failures="0" tests="3" name="Default test" time="2.687" errors="0" timestamp="2025-10-12T20:43:39 IST">
  <testcase classname="mypractice1.UsingDataProvider" name="addbook" time="2.048"/>
  <testcase classname="mypractice1.UsingDataProvider" name="addbook" time="0.284"/>
  <testcase classname="mypractice1.UsingDataProvider" name="addbook" time="0.283"/>
</testsuite> <!-- Default test -->
