<?xml version="1.0" encoding="UTF-8"?>
<testng-results ignored="0" total="2" passed="2" failed="0" skipped="0">
  <reporter-output>
  </reporter-output>
  <suite started-at="2025-10-29T14:14:19 IST" name="Default suite" finished-at="2025-10-29T14:14:22 IST" duration-ms="3754">
    <groups>
    </groups>
    <test started-at="2025-10-29T14:14:19 IST" name="Default test" finished-at="2025-10-29T14:14:22 IST" duration-ms="3754">
      <class name="MISC.UsingSessionFilter">
        <test-method is-config="true" signature="captureSessionId()[pri:0, instance:MISC.UsingSessionFilter@a1153bc]" started-at="2025-10-29T14:14:19 IST" name="captureSessionId" finished-at="2025-10-29T14:14:19 IST" duration-ms="15" status="PASS">
          <reporter-output>
          </reporter-output>
        </test-method> <!-- captureSessionId -->
        <test-method signature="myTest()[pri:0, instance:MISC.UsingSessionFilter@a1153bc]" started-at="2025-10-29T14:14:19 IST" name="myTest" finished-at="2025-10-29T14:14:22 IST" duration-ms="2895" status="PASS">
          <reporter-output>
          </reporter-output>
        </test-method> <!-- myTest -->
        <test-method signature="myTest2()[pri:0, instance:MISC.UsingSessionFilter@a1153bc]" started-at="2025-10-29T14:14:22 IST" name="myTest2" finished-at="2025-10-29T14:14:22 IST" duration-ms="788" status="PASS">
          <reporter-output>
          </reporter-output>
        </test-method> <!-- myTest2 -->
      </class> <!-- MISC.UsingSessionFilter -->
    </test> <!-- Default test -->
  </suite> <!-- Default suite -->
</testng-results>
