<?xml version="1.0" encoding="UTF-8"?>
<testng-results ignored="0" total="3" passed="3" failed="0" skipped="0">
  <reporter-output>
  </reporter-output>
  <suite started-at="2025-10-12T20:43:36 IST" name="Default suite" finished-at="2025-10-12T20:43:39 IST" duration-ms="2687">
    <groups>
    </groups>
    <test started-at="2025-10-12T20:43:36 IST" name="Default test" finished-at="2025-10-12T20:43:39 IST" duration-ms="2687">
      <class name="mypractice1.UsingDataProvider">
        <test-method signature="addbook(java.lang.String,java.lang.String,java.lang.String)[pri:0, instance:mypractice1.UsingDataProvider@36bc55de]" started-at="2025-10-12T20:43:36 IST" name="addbook" data-provider="booksdata" finished-at="2025-10-12T20:43:38 IST" duration-ms="2048" status="PASS">
          <params>
            <param index="0">
              <value>
                <![CDATA[Selenium java]]>
              </value>
            </param>
            <param index="1">
              <value>
                <![CDATA[shdsd]]>
              </value>
            </param>
            <param index="2">
              <value>
                <![CDATA[7746]]>
              </value>
            </param>
          </params>
          <reporter-output>
          </reporter-output>
        </test-method> <!-- addbook -->
        <test-method signature="addbook(java.lang.String,java.lang.String,java.lang.String)[pri:0, instance:mypractice1.UsingDataProvider@36bc55de]" started-at="2025-10-12T20:43:38 IST" name="addbook" data-provider="booksdata" finished-at="2025-10-12T20:43:38 IST" duration-ms="284" status="PASS">
          <params>
            <param index="0">
              <value>
                <![CDATA[Coding]]>
              </value>
            </param>
            <param index="1">
              <value>
                <![CDATA[fhd]]>
              </value>
            </param>
            <param index="2">
              <value>
                <![CDATA[56473]]>
              </value>
            </param>
          </params>
          <reporter-output>
          </reporter-output>
        </test-method> <!-- addbook -->
        <test-method signature="addbook(java.lang.String,java.lang.String,java.lang.String)[pri:0, instance:mypractice1.UsingDataProvider@36bc55de]" started-at="2025-10-12T20:43:38 IST" name="addbook" data-provider="booksdata" finished-at="2025-10-12T20:43:39 IST" duration-ms="283" status="PASS">
          <params>
            <param index="0">
              <value>
                <![CDATA[python]]>
              </value>
            </param>
            <param index="1">
              <value>
                <![CDATA[egdf]]>
              </value>
            </param>
            <param index="2">
              <value>
                <![CDATA[654783]]>
              </value>
            </param>
          </params>
          <reporter-output>
          </reporter-output>
        </test-method> <!-- addbook -->
      </class> <!-- mypractice1.UsingDataProvider -->
    </test> <!-- Default test -->
  </suite> <!-- Default suite -->
</testng-results>
