<?xml version="1.0" encoding="UTF-8"?>
<!-- Generated by org.testng.reporters.JUnitReportReporter -->
<testsuite hostname="DELL3400" failures="0" tests="3" name="mypractice1.UsingDataProvider" time="2.615" errors="0" timestamp="2025-10-12T20:43:39 IST" skipped="0">
  <testcase classname="mypractice1.UsingDataProvider" name="addbook" time="2.048"/>
  <testcase classname="mypractice1.UsingDataProvider" name="addbook" time="0.283"/>
  <testcase classname="mypractice1.UsingDataProvider" name="addbook" time="0.284"/>
</testsuite> <!-- mypractice1.UsingDataProvider -->
