<?xml version="1.0" encoding="UTF-8"?>
<!-- Generated by org.testng.reporters.JUnitReportReporter -->
<testsuite hostname="DELL3400" failures="0" tests="3" name="mypractice1.UsingDataProvider" time="9.187" errors="0" timestamp="2025-10-13T23:01:14 IST" skipped="0">
  <testcase classname="mypractice1.UsingDataProvider" name="addbook" time="1.596"/>
  <testcase classname="mypractice1.UsingDataProvider" name="addbook" time="4.759"/>
  <testcase classname="mypractice1.UsingDataProvider" name="addbook" time="2.832"/>
</testsuite> <!-- mypractice1.UsingDataProvider -->
